@hello7171 / 7240286375 | test1@xitroo.com | wallet_coinbase | Seed phrase: hi | 2024-09-15 12:24:24
@hello7171 / 7240286375 | test@xitroo.com | coinbase | 2024-09-15 12:24:41
@hello7171 / 7240286375 | test@xitroo.com | binance | 2024-09-15 12:29:34
@hello7171 / 7240286375 | test@xitroo.com | wallet_coinbase | Seed phrase: test | 2024-09-15 12:30:34
@hello7171 / 7240286375 | test@xitroo.com | coinbase | 2024-09-15 12:31:17
@hello7171 / 7240286375 | test@xitroo.com | coinbase | 2024-09-15 12:38:05
@hello7171 / 7240286375 | test@xitroo.com | binance | 2024-09-15 12:43:59
@hello7171 / 7240286375 | test@xitroo.com | coinbase | 2024-09-15 13:19:16
@hello7171 / 7240286375 | test@xitroo.com | wallet_coinbase | Seed phrase: seed | 2024-09-15 13:19:53
@hello7171 / 7240286375 | test@xitroo.com | binance | 2024-09-15 13:20:48
@hello7171 / 7240286375 | test@xitroo.com | binance | 2024-09-15 13:48:58
@hello7171 / 7240286375 | test@xitroo.com | secure_coinbase | 2024-09-15 13:49:01
@hello7171 / 7240286375 | test@xitroo.com | binance | 2024-09-15 14:17:30
@hello7171 / 7240286375 | test@xitroo.com | coinbase | 2024-09-15 14:23:08
@Unknown / 6764053027 | test@xitroo.com | wallet_coinbase | Seed phrase: test | 2024-09-15 14:50:59
@Unknown / 6764053027 | test@xitroo.com | wallet_coinbase | Seed phrase: seed 123 | 2024-09-15 14:52:59
@Unknown / 6764053027 | test@xitroo.com | wallet_coinbase | Seed phrase: estestt | 2024-09-15 14:55:17
@Unknown / 6764053027 | test@xitroo.com | wallet_coinbase | Seed phrase: 12312312312 | 2024-09-15 14:57:16
@Unknown / 7115618660 | john562office@gmail.com | wallet_coinbase | Seed phrase: marble talent wash amused quantum infant pepper code unlock start energy kidney | 2024-09-15 14:58:58
@Unknown / 6764053027 | test@xitroo.com | binance | 2024-09-15 14:59:21
@Unknown / 6764053027 | jakubkukulka8@gmail.com | wallet_coinbase | Seed phrase: test | 2024-09-15 16:35:15
@Unknown / 6764053027 | test@xitroo.com | wallet_coinbase | Seed phrase: test | 2024-09-15 16:36:39
@Unknown / 6764053027 | jakubkukulka8@gmail.com | wallet_coinbase | Seed phrase: seed 123123 | 2024-09-15 16:54:53
@Unknown / 6764053027 | jakubkukulka8@gmail.com | wallet_coinbase | Seed phrase: test | 2024-09-15 16:56:07
@Unknown / 6764053027 | znuvya@gmail.com | coinbase | 2024-09-17 22:16:16
@Unknown / 6764053027 | znuvya@gmail.com | coinbase | 2024-09-17 22:17:30
@Unknown / 6764053027 | test@xitroo.com | coinbase | 2024-09-17 22:18:18
@Unknown / 6764053027 | test123@xitroo.com | coinbase | 2024-09-17 22:19:53
@Unknown / 6764053027 | vent881881@gmail.com | coinbase | 2024-09-17 22:21:52
@Unknown / 6764053027 | znuvya@gmail.com | coinbase | 2024-09-17 22:24:03
@Unknown / 6764053027 | znuvya@gmail.com | coinbase | 2024-09-17 22:26:16
@Unknown / 6764053027 | znuvya@gmail.com | coinbase | 2024-09-17 22:27:33
@Unknown / 6764053027 | znuvya@gmail.com | coinbase | 2024-09-17 22:29:29
@Unknown / 6764053027 | znuvya@gmail.com | coinbase | 2024-09-17 22:30:45
@Unknown / 6764053027 | znuvya@gmail.com | coinbase | 2024-09-17 22:33:49
@Unknown / 6764053027 | znuvya@gmail.com | coinbase | 2024-09-17 22:35:53
@Unknown / 6764053027 | te11st@xitroo.com | coinbase | 2024-09-17 22:37:13
@Unknown / 6764053027 | znuvvv@gmail.com | coinbase | 2024-09-17 22:37:45
@Unknown / 6764053027 | znuvvv@gmail.com | coinbase | 2024-09-17 22:39:52
@Unknown / 6764053027 | znuvek@gmail.com | coinbase | 2024-09-17 22:40:55
@Unknown / 6764053027 | znuvya@gmail.com | coinbase | 2024-09-17 22:42:25
@Unknown / 6764053027 | znuvvv@gmail.com | coinbase | 2024-09-17 22:44:47
@Unknown / 6764053027 | znuvvv@gmail.com | coinbase | 2024-09-17 22:46:02
@Unknown / 6764053027 | znuvya@gmail.com | coinbase | 2024-09-17 22:48:02
@Unknown / 6764053027 | znuvvv@gmail.com | coinbase | 2024-09-17 22:50:05
@Unknown / 6764053027 | znuvvv@gmail.com | coinbase | 2024-09-17 22:52:32
@Unknown / 6764053027 | znuvvv@gmail.com | coinbase | 2024-09-17 22:53:37
@Unknown / 6764053027 | znuvvv@gmail.com | coinbase | 2024-09-17 22:54:28
@Unknown / 6764053027 | znuvvv@gmail.com | coinbase | 2024-09-17 22:55:26
@Unknown / 6764053027 | znuvya@gmail.com | coinbase | 2024-09-17 22:59:21
@Unknown / 6764053027 | znuvya@gmail.com | coinbase | 2024-09-17 23:01:16
@Unknown / 6764053027 | znuvvv@gmail.com | coinbase | 2024-09-17 23:02:06
@Unknown / 6764053027 | xitrooo12@xitroo.com | coinbase | 2024-09-17 23:02:55
@Unknown / 6764053027 | znuvvv@gmail.com | coinbase | 2024-09-17 23:05:41
@Unknown / 6764053027 | znuvvv@gmail.com | coinbase | 2024-09-17 23:08:46
@Unknown / 6764053027 | znuvvv@gmail.com | coinbase | 2024-09-17 23:10:24
@Unknown / 6764053027 | znuvvv@gmail.com | coinbase | 2024-09-17 23:11:21
@Unknown / 6764053027 | znuvvv@gmail.com | coinbase | 2024-09-17 23:11:35
@Unknown / 6764053027 | aknsdf@xitroo.com | coinbase | 2024-09-17 23:12:10
@Unknown / 6764053027 | test123@xitroo.com | coinbase | 2024-09-17 23:14:58
@Unknown / 6764053027 | znuvvv@gmail.com | coinbase | 2024-09-17 23:16:04
@Unknown / 6764053027 | znuvya@gmail.com | coinbase | 2024-09-17 23:17:12
@Unknown / 6764053027 | znuvek@gmail.com | coinbase | 2024-09-17 23:23:15
@Unknown / 6764053027 | znuvek@gmail.com | coinbase | 2024-09-17 23:24:41
@Unknown / 6764053027 | znuvek@gmail.com | coinbase | 2024-09-17 23:27:13
@Unknown / 6764053027 | rosenegroah72@gmail.com | coinbase | 2024-09-17 23:28:19
@Unknown / 6764053027 | vent881881@gmail.com | coinbase | 2024-09-17 23:30:30
@Unknown / 6764053027 | bigbootylee@gmail.com | coinbase | 2024-09-17 23:32:14
@Unknown / 6764053027 | starmailer11@gmail.com | coinbase | 2024-09-17 23:34:44
@Unknown / 6764053027 | starmailer11@gmail.com | coinbase | 2024-09-17 23:50:40
@Unknown / 6764053027 | znuvya@gmail.com | coinbase | 2024-09-18 16:39:52
@Unknown / 6764053027 | znuvya@gmail.com | wallet_coinbase | Seed phrase: hi123 | 2024-09-18 16:40:24
@Unknown / 6764053027 | znuvya@gmail.com | wallet_coinbase | Seed phrase: 555555 | 2024-09-18 16:54:00
@Unknown / 6764053027 | znuvya@gmail.com | wallet_coinbase | Seed phrase: 123 | 2024-09-18 16:54:20
@Unknown / 6764053027 | test@xitroo.com | wallet_coinbase | Seed phrase: 123123 | 2024-09-18 16:55:03
@Unknown / 6764053027 | znuvya@gmail.com | wallet_coinbase | Seed phrase: test | 2024-09-18 16:55:38
@Unknown / 6764053027 | znuvya@gmail.com | binance | 2024-09-18 16:58:19
@Unknown / 6764053027 | znuvya@gmail.com | secure_coinbase | 2024-09-18 16:58:23
@Unknown / 6764053027 | znuvya@gmail.com | binance | 2024-09-18 16:59:40
@Unknown / 6764053027 | znuvya@gmail.com | secure_coinbase | 2024-09-18 16:59:43
@Unknown / 6764053027 | znuvya@gmail.com | binance | 2024-09-18 17:02:39
@Unknown / 6764053027 | znuvya@gmail.com | binance | 2024-09-18 17:04:02
@Unknown / 6764053027 | znuvya@gmail.com | binance | 2024-09-18 17:07:51
@Unknown / 6764053027 | znuvya@gmail.com | binance | 2024-09-18 17:10:01
@Unknown / 6764053027 | asdfhb@xitroo.com | binance | 2024-09-18 17:10:47
@Unknown / 6764053027 | znuvya@gmail.com | binance | 2024-09-18 17:12:54
@Unknown / 6764053027 | znuvvv@gmail.com | binance | 2024-09-18 17:14:18
@Unknown / 6764053027 | znuvek@gmail.com | binance | 2024-09-18 17:16:48
@Unknown / 6764053027 | znuvya@gmail.com | binance | 2024-09-18 17:17:37
@Unknown / 6764053027 | znuvya@gmail.com | binance | 2024-09-18 17:18:24
@Unknown / 6764053027 | znuvya@gmail.com | secure_coinbase | 2024-09-18 17:18:28
@Unknown / 6764053027 | znuvya@gmail.com | binance | 2024-09-18 17:20:57
@Unknown / 6764053027 | tes123t@xitroo.com | coinbase | 2024-09-18 18:59:53
@Unknown / 6764053027 | tes123t@xitroo.com | wallet_coinbase | Seed phrase: xddd | 2024-09-18 19:00:02
@Unknown / 6764053027 | tes123t@xitroo.com | binance | 2024-09-18 19:00:14
@Unknown / 6764053027 | tes123t@xitroo.com | secure_coinbase | 2024-09-18 19:00:19
@Unknown / 6764053027 | znuvvv@gmail.com | binance | 2024-09-18 19:01:28
@Unknown / 6764053027 | znuvvv@gmail.com | secure_coinbase | 2024-09-18 19:01:30
@Unknown / 6764053027 | znuvvv@gmail.com | binance | 2024-09-18 19:04:41
@Unknown / 6764053027 | znuvvv@gmail.com | binance | 2024-09-18 19:06:37
@Unknown / 6764053027 | znuvya@gmail.com | binance | 2024-09-18 19:07:43
@Unknown / 6764053027 | znuvek@gmail.com | binance | 2024-09-18 19:09:49
@Unknown / 6764053027 | starmailer11@gmail.com | binance | 2024-09-18 19:11:34
@Unknown / 6764053027 | starmailer11@gmail.com | binance | 2024-09-18 19:11:49
@Unknown / 6764053027 | starmailer11@gmail.com | secure_coinbase | 2024-09-18 19:11:51
@Unknown / 6764053027 | vent881881@gmail.com | binance | 2024-09-18 19:12:44
@Unknown / 6764053027 | vent881881@gmail.com | binance | 2024-09-18 19:13:43
@Unknown / 6764053027 | jakubkukulka8@gmail.com | binance | 2024-09-18 19:16:38
@Unknown / 6764053027 | jakubkukulka8@gmail.com | binance | 2024-09-18 19:23:18
@Unknown / 6764053027 | jakubkukulka8@gmail.com | binance | 2024-09-18 19:24:34
@Unknown / 6764053027 | znuvvv@gmail.com | binance | 2024-09-18 19:26:39
@Unknown / 6764053027 | znuvek@gmail.com | binance | 2024-09-18 19:28:58
@Unknown / 6764053027 | yehudahptacek061@gmail.com | coinbase | 2024-09-18 20:26:29
@Unknown / 6764053027 | znuvya@gmail.com | binance | 2024-09-23 17:37:06
@Unknown / 6764053027 | znuvya@gmail.com | binance | 2024-09-23 17:38:32
@Unknown / 6764053027 | znuvvv@gmail.com | binance | 2024-09-23 17:44:02
@Unknown / 6764053027 | testest123@xitroo.com | binance | 2024-09-23 17:44:33
@Unknown / 6764053027 | znuvya@gmail.com | binance | 2024-09-23 17:46:22
@Unknown / 6764053027 | znuvya@gmail.com | binance | 2024-09-23 17:49:01
@Unknown / 6764053027 | testest123@xitroo.com | binance | 2024-09-23 17:50:06
@Unknown / 6764053027 | znuvya@gmail.com | binance | 2024-09-23 19:03:20
@Unknown / 6764053027 | znuvya@gmail.com | coinbase | 2024-09-23 19:04:31
@Unknown / 6764053027 | znuvya@gmail.com | binance | 2024-09-23 19:05:29
@Unknown / 6764053027 | znuvvv@gmail.com | binance | 2024-09-23 19:07:39
@Unknown / 6764053027 | znuvya@gmail.com | wallet_coinbase | Seed phrase: test 123 | 2024-09-23 19:11:42
@Unknown / 6764053027 | znuvvv@gmail.com | wallet_coinbase | Seed phrase: test | 2024-09-23 19:34:26
@Unknown / 6764053027 | znuvek@gmail.com | wallet_coinbase | Seed phrase: ho | 2024-09-23 19:37:12
@Unknown / 6764053027 | znuvya@gmail.com | google | 2024-09-23 20:23:08
@Unknown / 6764053027 | znuvya@gmail.com | google | 2024-09-23 20:24:09
@Unknown / 6764053027 | znuvya@gmail.com | google | 2024-09-23 20:24:32
@Unknown / 6764053027 | test12353@xitroo.com | google | 2024-09-23 20:25:07
@Unknown / 6764053027 | test@xitroo.com | coinbase | 2024-09-23 20:38:15
@Unknown / 6764053027 | test123@xitroo.com | binance | 2024-09-23 20:55:55
@Unknown / 6764053027 | znuvya@gmail.com | binance | 2024-09-23 20:56:25
@Unknown / 6764053027 | znuvya@gmail.com | binance | 2024-09-23 20:59:30
@Unknown / 6764053027 | test@xitroo.com | google | 2024-09-24 09:31:45
@Unknown / 6764053027 | znuvya@gmail.com | google | 2024-09-24 09:32:07
@Unknown / 6764053027 | zasdfb@xitroo.com | google | 2024-09-24 09:32:31
@Unknown / 6764053027 | zasdfb@xitroo.com | google | 2024-09-24 09:33:04
@Unknown / 6764053027 | zasdfb@xitroo.com | binance | 2024-09-24 09:33:21
@Unknown / 6764053027 | zasdfb@xitroo.com | wallet_coinbase | Seed phrase: asdfsadf | 2024-09-24 09:33:38
@Unknown / 6764053027 | zasdfb@xitroo.com | binance | 2024-09-24 09:34:00
@Unknown / 6764053027 | znuvya@gmail.com | wallet_coinbase | Seed phrase: this is a test | 2024-09-24 09:35:22
@Unknown / 6764053027 | test123@xitroo.com | binance | 2024-09-24 09:42:33
@Unknown / 6764053027 | asdfsdfs@xitroo.com | employee_coinbase | 2024-09-24 10:00:41
@Unknown / 6764053027 | teatesabjh@xitroo.com | google | 2024-09-24 10:04:57
@Unknown / 6764053027 | teatesabjh@xitroo.com | coinbase | 2024-09-24 10:09:09
@Unknown / 6764053027 | afdgasdfjb@xitroo.com | binance | 2024-09-24 10:25:33
@Unknown / 6764053027 | asdfdsaf@xitroo.com | google | 2024-09-24 10:30:15
@Unknown / 6764053027 | asdfdsaf@xitroo.com | google | 2024-09-24 10:32:41
@Unknown / 6764053027 | testsatbjh@xitroo.com | google | 2024-09-24 10:33:02
@Unknown / 6764053027 | testsatbjh@xitroo.com | google | 2024-09-24 10:34:23
@Unknown / 6764053027 | znuvya@gmail.com | google | 2024-09-24 10:35:00
@Unknown / 6764053027 | ashdsdbhjf@xitroo.com | google | 2024-09-24 10:37:36
@Unknown / 6764053027 | starmailer11@gmail.com | google | 2024-09-24 10:37:56
@Unknown / 6764053027 | znuvya@gmail.com | google | 2024-09-24 10:42:19
@Unknown / 6764053027 | znuvya@gmail.com | google | 2024-09-24 10:43:09
@Unknown / 6764053027 | znuvvv@gmail.com | google | 2024-09-24 10:45:12
@Unknown / 6764053027 | vent881881@gmail.com | google | 2024-09-24 10:46:56
@Unknown / 6764053027 | snowelyt@gmail.com | google | 2024-09-24 11:28:51
@Unknown / 6764053027 | jakubkukulka8@gmail.com | google | 2024-09-24 11:33:07
@Unknown / 6764053027 | jakubkukulka8@gmail.com | google | 2024-09-24 11:34:11
@Unknown / 6764053027 | asdfbasdjfhdsbfj@xitroo.com | google | 2024-09-24 11:35:00
@Unknown / 6764053027 | asdfbasdjfhdsbfj@xitroo.com | google | 2024-09-24 11:36:48
@Unknown / 6764053027 | jakubkukulka8@gmail.com | google | 2024-09-24 11:37:14
@Unknown / 6764053027 | znuvya@gmail.com | google | 2024-09-24 17:07:07
@Unknown / 6764053027 | snowelyt@gmail.com | google | 2024-09-24 17:08:08
@Unknown / 6764053027 | snowelyt@gmail.com | google test | 2024-09-24 17:35:10
@Unknown / 6764053027 | vent881881@gmail.com | google support | 2024-09-24 19:13:22
@Unknown / 6764053027 | test | coinbase | 2024-09-24 19:27:18
@Unknown / 6764053027 | starmailer11@gmail.com | coinbase | 2024-09-24 19:27:32
@Unknown / 6764053027 | test@xitroo.com | wallet_coinbase | Seed phrase: test | 2024-09-24 19:30:46
@Unknown / 6764053027 | test123@xitroo.com | binance | 2024-09-24 19:31:39
@Unknown / 6764053027 | test123@xitroo.com | binance | 2024-09-24 19:37:49
@Unknown / 6764053027 | test123@xitroo.com | binance | 2024-09-24 19:43:08
@Unknown / 6764053027 | test@xitroo.com | binance | 2024-09-24 19:43:37
@Unknown / 6764053027 | znuvya@gmail.com | google_employee | 2024-09-24 19:56:27
@Unknown / 6764053027 | test@xitroo.com | google support | 2024-09-24 20:15:49
@Unknown / 6764053027 | test@xitroo.com | coinbase | 2024-09-24 20:16:10
@Unknown / 6764053027 | asdnfksjdfn@xitroo.com | coinbase | 2024-09-24 20:16:36
@Unknown / 6764053027 | asdnfksjdfn@xitroo.com | wallet_coinbase | Seed phrase: test | 2024-09-24 20:16:59
@Unknown / 6764053027 | asdnfksjdfn@xitroo.com | google support | 2024-09-24 20:17:37
@Unknown / 6764053027 | test123@xitroo.com | coinbase | 2024-09-24 20:25:55
@Unknown / 6764053027 | test123@xitroo.com | wallet_coinbase | Seed phrase: wallet | 2024-09-24 20:26:22
@Unknown / 6764053027 | test123@xitroo.com | google support | 2024-09-24 20:26:45
@Unknown / 6764053027 | test123@xitroo.com | google support | 2024-09-24 20:27:06
@Unknown / 6764053027 | test123123@xitroo.com | google support | 2024-09-24 20:30:44
@Unknown / 6764053027 | testest123@xitroo.com | google support | 2024-09-24 20:31:19
@Unknown / 6764053027 | ttests@xitroo.com | google support | 2024-09-24 20:33:01
@Unknown / 6764053027 | testes123@xitroo.com | google support | 2024-09-24 20:36:30
@Unknown / 6764053027 | testsethjb@xitroo.com | google support | 2024-09-24 20:39:32
@Unknown / 6764053027 | test123@xitroo.com | secure_coinbase | 2024-09-24 20:54:30
@Unknown / 6764053027 | testets123@xitroo.com | coinbase | Representative: 123, Case ID: 123, Link:  | 2024-09-24 21:14:52
@Unknown / 6764053027 | testets123@xitroo.com | google support | Representative: test, Case ID: 123, Link: https://link123.com | 2024-09-24 21:15:24
@Unknown / 6764053027 | testets123@xitroo.com | google support | Representative: asdfkh, Case ID: asdfasdf, Link:  | 2024-09-24 21:15:44
@Unknown / 6764053027 | testets123@xitroo.com | google support | Representative: test, Case ID: test, Link:  | 2024-09-24 21:23:44
@Unknown / 6764053027 | testets123@xitroo.com | coinbase | Representative: test, Case ID: test, Link: https://test.com | 2024-09-24 21:24:03
@Unknown / 6764053027 | testets123@xitroo.com | wallet_coinbase | Seed phrase: seed | 2024-09-24 21:24:20
@Unknown / 6764053027 | testets123@xitroo.com | coinbase | Representative: test, Case ID: 123, Link:  | 2024-09-24 21:24:29
@Unknown / 6764053027 | testeshbj@xitroo.com | wallet_coinbase | Seed phrase: seed | 2024-09-24 21:27:35
@Unknown / 6764053027 | asdjhfbsadjhfb@xitroo.com | wallet_coinbase | Seed phrase: hello this log | 2024-09-24 21:29:12
@Unknown / 6764053027 | starmailer11@gmail.com | wallet_coinbase | Seed phrase: test | 2024-09-24 21:32:16
@Unknown / 6764053027 | 123@xitroo.com | coinbase | Representative: 123, Case ID: 444 | 2024-09-24 22:53:54
@Unknown / 6764053027 | 123@xitroo.com | wallet_coinbase | Seed phrase: 123 | 2024-09-24 22:54:13
@Unknown / 6764053027 | 123@xitroo.com | coinbase | Representative: 123, Case ID: 123 | 2024-09-24 22:54:27
@Unknown / 6764053027 | 123@xitroo.com | coinbase | Representative: 123, Case ID: 123 | 2024-09-24 22:54:51
@Unknown / 6764053027 | 123@xitroo.com | google support | Representative: 123, Case ID: 123 | 2024-09-24 22:59:42
@Unknown / 6764053027 | 123@xitroo.com | google support | Representative: test, Case ID: test | 2024-09-24 22:59:56
@Unknown / 6764053027 | teastjhbh@xitroo.com | google support | Representative: 123, Case ID: 123 | 2024-09-25 17:06:00
@Unknown / 6764053027 | teastjhbh@xitroo.com | wallet_coinbase | Seed phrase: 123 | 2024-09-25 17:06:12
@Unknown / 6764053027 | teastjhbh@xitroo.com | google support | Representative: siema, Case ID: pedofil | 2024-09-25 17:06:28
@Unknown / 6764053027 | teastjhbh@xitroo.com | google support | Representative: 123123, Case ID: basdfjhasdbf | 2024-09-25 17:06:50
2024-09-25 18:24:11 - @Unknown / 6764053027 | test@xitroo.com | employee_kraken | Representative: 123, Case ID: 123 | 2024-09-25 18:24:11
@Unknown / 6764053027 | test@xitroo.com | employee_kraken | Representative: 123, Case ID: 123 | 2024-09-25 18:24:11
2024-09-25 18:24:23 - @Unknown / 6764053027 | 123@xitroo.com | wallet_coinbase | Seed phrase: nigg | 2024-09-25 18:24:23
@Unknown / 6764053027 | 123@xitroo.com | wallet_coinbase | Seed phrase: nigg | 2024-09-25 18:24:23
2024-09-25 18:25:37 - @Unknown / 6764053027 | faaraflopetda@gmail.com | employee_kraken | Representative: starmailer, Case ID: 123 | 2024-09-25 18:25:37
@Unknown / 6764053027 | faaraflopetda@gmail.com | employee_kraken | Representative: starmailer, Case ID: 123 | 2024-09-25 18:25:37
2024-09-25 18:25:54 - @Unknown / 6764053027 | faaraflopetda@gmail.com | employee_kraken | Representative: star mailer, Case ID: test | 2024-09-25 18:25:54
@Unknown / 6764053027 | faaraflopetda@gmail.com | employee_kraken | Representative: star mailer, Case ID: test | 2024-09-25 18:25:54
2024-09-25 18:26:03 - @Unknown / 6764053027 | faaraflopetda@gmail.com | employee_google | Representative: this is a test, Case ID: fuckfuck12 | 2024-09-25 18:26:03
@Unknown / 6764053027 | faaraflopetda@gmail.com | employee_google | Representative: this is a test, Case ID: fuckfuck12 | 2024-09-25 18:26:03
2024-09-25 18:30:09 - @Unknown / 6764053027 | faaraflopetda@gmail.com | employee_google | Representative: test, Case ID: test | 2024-09-25 18:30:09
@Unknown / 6764053027 | faaraflopetda@gmail.com | employee_google | Representative: test, Case ID: test | 2024-09-25 18:30:09
2024-09-25 18:35:01 - @Unknown / 6764053027 | faaraflopetda@gmail.com | employee_google | Representative: test, Case ID: test123123 | 2024-09-25 18:35:01
@Unknown / 6764053027 | faaraflopetda@gmail.com | employee_google | Representative: test, Case ID: test123123 | 2024-09-25 18:35:01
2024-09-25 18:41:54 - @Unknown / 6764053027 | faaraflopetda@gmail.com | employee_google | Representative: test, Case ID: 100101 | 2024-09-25 18:41:54
@Unknown / 6764053027 | faaraflopetda@gmail.com | employee_google | Representative: test, Case ID: 100101 | 2024-09-25 18:41:54
2024-09-25 19:18:05 - @Unknown / 6764053027 | test@xitroo.com | employee_coinbase | 2024-09-25 19:18:05
2024-09-25 19:18:20 - @Unknown / 6764053027 | test@xitroo.com | wallet_coinbase | Seed phrase: nigga | 2024-09-25 19:18:20
2024-09-25 19:18:36 - @Unknown / 6764053027 | test@xitroo.com | secure_coinbase | Link: https://panle.com | 2024-09-25 19:18:36
2024-09-25 19:18:56 - @Unknown / 6764053027 | test@xitroo.com | employee_google | 2024-09-25 19:18:56
2024-09-25 19:19:09 - @Unknown / 6764053027 | test@xitroo.com | employee_kraken | 2024-09-25 19:19:09
@Unknown / 6764053027 | znuvya@gmail.com | employee_google | 2024-09-26 16:11:52
@Unknown / 6764053027 | znuvvv@gmail.com | employee_trezor | 2024-09-26 16:14:47
@Unknown / 6764053027 | starmailer11@gmail.com | employee_trezor | 2024-09-26 16:15:24
@Unknown / 6764053027 | test19283@xitroo.com | employee_kraken | 2024-09-26 16:34:18
@Unknown / 6764053027 | test19283@xitroo.com | employee_google | 2024-09-26 16:34:30
@Unknown / 6764053027 | test19283@xitroo.com | secure_coinbase | Link: https://test.com | 2024-09-26 16:34:46
@Unknown / 6764053027 | test19283@xitroo.com | wallet_coinbase | Seed phrase: test | 2024-09-26 16:34:56
@Unknown / 6764053027 | test19283@xitroo.com | employee_coinbase | 2024-09-26 16:35:07
@Unknown / 6764053027 | test19283@xitroo.com | employee_trezor | 2024-09-26 16:35:19
@Unknown / 6764053027 | znuvya@gmail.com | employee_coinbase | 2024-09-26 20:03:18
@Unknown / 6764053027 | znuvya@gmail.com | employee_coinbase | 2024-09-26 20:04:22
@Unknown / 6764053027 | znuvya@gmail.com | employee_trezor | 2024-09-27 16:16:02
@Unknown / 6764053027 | znuvya@gmail.com | employee_trezor | 2024-09-27 16:18:32
@Unknown / 6764053027 | asdbfsdjahfb@xitroo.com | employee_trezor | 2024-09-27 16:19:01
@Unknown / 6764053027 | asdhbfsjhgfb@xitroo.com | employee_kraken | 2024-09-27 16:21:07
@Unknown / 6764053027 | znuvya@gmail.com | employee_trezor | 2024-09-27 16:21:51
@Unknown / 6764053027 | znuvvv@gmail.com | employee_trezor | 2024-09-27 16:23:46
@Unknown / 6764053027 | starmailer11@gmail.com | employee_trezor | 2024-09-27 16:26:01
@Unknown / 6764053027 | znuvya@gmail.com | employee_coinbase | 2024-09-27 17:04:27
@Unknown / 6764053027 | starmailer11@gmail.com | employee_coinbase | 2024-09-27 17:05:24
@Unknown / 6764053027 | test@xitroo.com | coinbase_delay | 2024-10-02 22:42:53
@Unknown / 6764053027 | starmailer11@gmail.com | coinbase_delay | 2024-10-02 22:44:20
@Unknown / 6764053027 | test123@xitroo.com | employee_coinbase | 2024-10-02 22:46:54
@Unknown / 6764053027 | test123@xitroo.com | wallet_coinbase | Seed phrase: 123 | 2024-10-02 22:47:05
@Unknown / 6764053027 | test123@xitroo.com | secure_coinbase | Link: https://test.com | 2024-10-02 22:50:18
@Unknown / 6764053027 | test123@xitroo.com | employee_google | 2024-10-02 22:50:45
@Unknown / 6764053027 | test123@xitroo.com | employee_kraken | 2024-10-02 22:51:38
@Unknown / 6764053027 | test123@xitroo.com | employee_trezor | 2024-10-02 22:52:01
@Unknown / 6764053027 | asdfbjahskdfjh@xitroo.com | coinbase_delay | 2024-10-02 23:30:58
@Unknown / 6764053027 | starmailer11@gmail.com | coinbase_delay | 2024-10-02 23:31:50
@Unknown / 6764053027 | starmailer11@gmail.com | coinbase_delay | 2024-10-02 23:32:56
@Unknown / 6764053027 | test12312@xitroo.com | coinbase_delay | 2024-10-02 23:37:07
@Unknown / 6764053027 | asdbfkjhb@xitroo.com | coinbase_delay | 2024-10-02 23:43:26
@Unknown / 6764053027 | asdbfk1jhb@xitroo.com | coinbase_delay | 2024-10-02 23:45:21
@Unknown / 6764053027 | asdbfk1jhb1@xitroo.com | coinbase_delay | 2024-10-02 23:46:22
@Unknown / 6764053027 | asdb1fk1jhb1@xitroo.com | coinbase_delay | 2024-10-02 23:47:20
@Unknown / 6764053027 | asdb1fk11jhb1@xitroo.com | coinbase_delay | 2024-10-02 23:48:11
@lovecoinbase / 7208067825 | newy1ahoo9111123@yahoo.com | wallet_coinbase | 2024-10-03 20:57:39
@lovecoinbase / 7208067825 | newy1ahoo9111123@yahoo.com | wallet_coinbase | 2024-10-03 21:00:33
@lovecoinbase / 7208067825 | starmailer11@gmail.com | employee_coinbase | 2024-10-07 17:01:00
@lovecoinbase / 7208067825 | starmailer11@gmail.com | wallet_coinbase | Seed phrase: test | 2024-10-07 17:02:02
@lovecoinbase / 7208067825 | starmailer11@gmail.com | employee_coinbase | 2024-10-07 17:07:09
@lovecoinbase / 7208067825 | starmailer11@gmail.com | employee_coinbase | 2024-10-07 17:08:35
@lovecoinbase / 7208067825 | starmailer11@gmail.com | employee_coinbase | 2024-10-07 17:09:20
@lovecoinbase / 7208067825 | starmailer11@gmail.com | wallet_coinbase | Seed phrase: xd | 2024-10-07 17:22:57
@lovecoinbase / 7208067825 | starmailer11@gmail.com | employee_google | 2024-10-07 19:22:24
@lovecoinbase / 7208067825 | starmailer11@gmail.com | employee_google | 2024-10-07 19:23:26
@lovecoinbase / 7208067825 | starmailer11@gmail.com | employee_google | 2024-10-07 19:24:08
@lovecoinbase / 7208067825 | starmailer11@gmail.com | employee_google | 2024-10-07 19:25:07
@lovecoinbase / 7208067825 | asdbfsdajhfbjh@xitroo.com | employee_google | 2024-10-08 17:12:58
@lovecoinbase / 7208067825 | asdbfsdajhfbjh@xitroo.com | employee_google | 2024-10-08 17:13:54
@lovecoinbase / 7208067825 | asdbfsdajhfbjh@xitroo.com | employee_google | 2024-10-08 17:14:32
@lovecoinbase / 7208067825 | geona0806@gmail.com | employee_google | 2024-10-08 17:14:57
@lovecoinbase / 7208067825 | asdjfbhsjfhbj@xitroo.com | employee_coinbase | 2024-10-18 19:35:26
@lovecoinbase / 7208067825 | franekkyt@gmail.com | wallet_coinbase | Seed phrase: this is a test | 2024-10-18 19:35:52
@lovecoinbase / 7208067825 | franekkyt@gmail.com | coinbase_delay | 2024-10-18 19:37:29
@lovecoinbase / 7208067825 | franekkyt@gmail.com | coinbase_delay | 2024-10-18 19:38:12
